  [1m[35m (0.5ms)[0m  [1m[35mCREATE TABLE "schema_migrations" ("version" varchar NOT NULL PRIMARY KEY)[0m
  [1m[35m (0.3ms)[0m  [1m[35mCREATE TABLE "ar_internal_metadata" ("key" varchar NOT NULL PRIMARY KEY, "value" varchar, "created_at" datetime(6) NOT NULL, "updated_at" datetime(6) NOT NULL)[0m
  [1m[36mActiveRecord::SchemaMigration Pluck (0.3ms)[0m  [1m[34mSELECT "schema_migrations"."version" FROM "schema_migrations" ORDER BY "schema_migrations"."version" ASC[0m
Migrating to CreateBlogs (20221211002754)
  [1m[36mTRANSACTION (0.0ms)[0m  [1m[36mbegin transaction[0m
  [1m[35m (0.2ms)[0m  [1m[35mCREATE TABLE "blogs" ("id" integer PRIMARY KEY AUTOINCREMENT NOT NULL, "title" varchar, "body" varchar, "created_at" datetime(6) NOT NULL, "updated_at" datetime(6) NOT NULL)[0m
  [1m[36mActiveRecord::SchemaMigration Create (0.1ms)[0m  [1m[32mINSERT INTO "schema_migrations" ("version") VALUES (?)[0m  [["version", "20221211002754"]]
  [1m[36mTRANSACTION (0.4ms)[0m  [1m[36mcommit transaction[0m
  [1m[36mActiveRecord::InternalMetadata Load (0.4ms)[0m  [1m[34mSELECT "ar_internal_metadata".* FROM "ar_internal_metadata" WHERE "ar_internal_metadata"."key" = ? LIMIT ?[0m  [["key", "environment"], ["LIMIT", 1]]
  [1m[36mTRANSACTION (0.0ms)[0m  [1m[36mbegin transaction[0m
  [1m[36mActiveRecord::InternalMetadata Create (0.2ms)[0m  [1m[32mINSERT INTO "ar_internal_metadata" ("key", "value", "created_at", "updated_at") VALUES (?, ?, ?, ?)[0m  [["key", "environment"], ["value", "development"], ["created_at", "2022-12-11 00:28:21.292325"], ["updated_at", "2022-12-11 00:28:21.292325"]]
  [1m[36mTRANSACTION (0.3ms)[0m  [1m[36mcommit transaction[0m
  [1m[36mActiveRecord::SchemaMigration Pluck (0.0ms)[0m  [1m[34mSELECT "schema_migrations"."version" FROM "schema_migrations" ORDER BY "schema_migrations"."version" ASC[0m
  [1m[36mTRANSACTION (0.1ms)[0m  [1m[36mbegin transaction[0m
  [1m[36mBlog Create (1.5ms)[0m  [1m[32mINSERT INTO "blogs" ("title", "body", "created_at", "updated_at") VALUES (?, ?, ?, ?)[0m  [["title", nil], ["body", nil], ["created_at", "2022-12-11 00:31:45.121514"], ["updated_at", "2022-12-11 00:31:45.121514"]]
  [1m[36mTRANSACTION (1.1ms)[0m  [1m[36mcommit transaction[0m
  [1m[36mTRANSACTION (0.1ms)[0m  [1m[36mbegin transaction[0m
  [1m[36mBlog Update (0.7ms)[0m  [1m[33mUPDATE "blogs" SET "title" = ?, "body" = ?, "updated_at" = ? WHERE "blogs"."id" = ?[0m  [["title", "First blog post"], ["body", "This is the body of the first blog post"], ["updated_at", "2022-12-11 00:32:41.174420"], ["id", 1]]
  [1m[36mTRANSACTION (0.5ms)[0m  [1m[36mcommit transaction[0m
  [1m[36mBlog Load (0.5ms)[0m  [1m[34mSELECT "blogs".* FROM "blogs"[0m
Started GET "/new" for ::1 at 2022-12-11 00:33:33 +0000
  [1m[36mActiveRecord::SchemaMigration Pluck (0.7ms)[0m  [1m[34mSELECT "schema_migrations"."version" FROM "schema_migrations" ORDER BY "schema_migrations"."version" ASC[0m
  
ActionController::RoutingError (No route matches [GET] "/new"):
  
Started GET "/" for ::1 at 2022-12-11 00:33:37 +0000
Processing by Rails::WelcomeController#index as HTML
  Rendering /Users/helder-ferreira/.rbenv/versions/3.1.1/lib/ruby/gems/3.1.0/gems/railties-7.0.4/lib/rails/templates/rails/welcome/index.html.erb
  Rendered /Users/helder-ferreira/.rbenv/versions/3.1.1/lib/ruby/gems/3.1.0/gems/railties-7.0.4/lib/rails/templates/rails/welcome/index.html.erb (Duration: 0.7ms | Allocations: 288)
Completed 200 OK in 8ms (Views: 1.4ms | ActiveRecord: 0.0ms | Allocations: 2587)


Started GET "/" for ::1 at 2022-12-11 00:34:00 +0000
  
ActionController::RoutingError (uninitialized constant ArticlesController

      Object.const_get(camel_cased_word)
            ^^^^^^^^^^
Did you mean?  AbstractController

            raise MissingController.new(error.message, error.name)
            ^^^^^):
  
Started GET "/" for ::1 at 2022-12-11 00:43:42 +0000
Processing by BlogsController#index as HTML
  Rendering layout layouts/application.html.erb
  Rendering blogs/index.html.erb within layouts/application
  [1m[36mBlog Load (0.2ms)[0m  [1m[34mSELECT "blogs".* FROM "blogs"[0m
  ↳ app/views/blogs/index.html.erb:6
  Rendered blogs/_blog.html.erb (Duration: 0.4ms | Allocations: 219)
  Rendered blogs/index.html.erb within layouts/application (Duration: 8.4ms | Allocations: 9750)
  Rendered layout layouts/application.html.erb (Duration: 149.0ms | Allocations: 97785)
Completed 200 OK in 152ms (Views: 150.2ms | ActiveRecord: 0.6ms | Allocations: 99482)


Started GET "/blogs/1" for ::1 at 2022-12-11 01:00:06 +0000
Processing by BlogsController#show as HTML
  Parameters: {"id"=>"1"}
  [1m[36mBlog Load (0.3ms)[0m  [1m[34mSELECT "blogs".* FROM "blogs" WHERE "blogs"."id" = ? LIMIT ?[0m  [["id", 1], ["LIMIT", 1]]
  ↳ app/controllers/blogs_controller.rb:63:in `set_blog'
  Rendering layout layouts/application.html.erb
  Rendering blogs/show.html.erb within layouts/application
  Rendered blogs/_blog.html.erb (Duration: 0.1ms | Allocations: 26)
  Rendered blogs/show.html.erb within layouts/application (Duration: 1.9ms | Allocations: 953)
  Rendered layout layouts/application.html.erb (Duration: 6.9ms | Allocations: 3234)
Completed 200 OK in 24ms (Views: 7.6ms | ActiveRecord: 0.5ms | Allocations: 8942)


Started GET "/blogs" for ::1 at 2022-12-11 01:00:13 +0000
Processing by BlogsController#index as HTML
  Rendering layout layouts/application.html.erb
  Rendering blogs/index.html.erb within layouts/application
  [1m[36mBlog Load (0.3ms)[0m  [1m[34mSELECT "blogs".* FROM "blogs"[0m
  ↳ app/views/blogs/index.html.erb:6
  Rendered blogs/_blog.html.erb (Duration: 0.1ms | Allocations: 20)
  Rendered blogs/index.html.erb within layouts/application (Duration: 3.3ms | Allocations: 982)
  Rendered layout layouts/application.html.erb (Duration: 7.0ms | Allocations: 3165)
Completed 200 OK in 9ms (Views: 7.3ms | ActiveRecord: 0.3ms | Allocations: 3444)


  [1m[36mTRANSACTION (0.2ms)[0m  [1m[36mbegin transaction[0m
  [1m[36mBlog Create (0.9ms)[0m  [1m[32mINSERT INTO "blogs" ("title", "body", "created_at", "updated_at") VALUES (?, ?, ?, ?)[0m  [["title", "cenas"], ["body", "renas"], ["created_at", "2022-12-11 01:37:29.812774"], ["updated_at", "2022-12-11 01:37:29.812774"]]
  [1m[36mTRANSACTION (1.3ms)[0m  [1m[36mcommit transaction[0m
  [1m[36mBlog Load (0.3ms)[0m  [1m[34mSELECT "blogs".* FROM "blogs"[0m
  [1m[36mActiveRecord::SchemaMigration Pluck (0.0ms)[0m  [1m[34mSELECT "schema_migrations"."version" FROM "schema_migrations" ORDER BY "schema_migrations"."version" ASC[0m
  [1m[36mTRANSACTION (0.0ms)[0m  [1m[36mbegin transaction[0m
  [1m[36mBlog Create (0.2ms)[0m  [1m[32mINSERT INTO "blogs" ("title", "body", "created_at", "updated_at") VALUES (?, ?, ?, ?)[0m  [["title", "first seed blog"], ["body", "the body of the first seed blog"], ["created_at", "2022-12-11 01:41:46.299441"], ["updated_at", "2022-12-11 01:41:46.299441"]]
  [1m[36mTRANSACTION (0.3ms)[0m  [1m[36mcommit transaction[0m
Started GET "/blogs" for ::1 at 2022-12-11 01:41:56 +0000
Processing by BlogsController#index as HTML
  Rendering layout layouts/application.html.erb
  Rendering blogs/index.html.erb within layouts/application
  [1m[36mBlog Load (0.1ms)[0m  [1m[34mSELECT "blogs".* FROM "blogs"[0m
  ↳ app/views/blogs/index.html.erb:6
  Rendered blogs/_blog.html.erb (Duration: 0.2ms | Allocations: 20)
  Rendered blogs/_blog.html.erb (Duration: 0.0ms | Allocations: 18)
  Rendered blogs/_blog.html.erb (Duration: 0.0ms | Allocations: 19)
  Rendered blogs/index.html.erb within layouts/application (Duration: 4.6ms | Allocations: 1359)
  Rendered layout layouts/application.html.erb (Duration: 9.0ms | Allocations: 3542)
Completed 200 OK in 11ms (Views: 9.7ms | ActiveRecord: 0.3ms | Allocations: 3818)


  [1m[36mActiveRecord::SchemaMigration Pluck (0.0ms)[0m  [1m[34mSELECT "schema_migrations"."version" FROM "schema_migrations" ORDER BY "schema_migrations"."version" ASC[0m
  [1m[36mTRANSACTION (0.0ms)[0m  [1m[36mbegin transaction[0m
  [1m[36mBlog Create (0.3ms)[0m  [1m[32mINSERT INTO "blogs" ("title", "body", "created_at", "updated_at") VALUES (?, ?, ?, ?)[0m  [["title", "first seed blog"], ["body", "the body of the first seed blog"], ["created_at", "2022-12-11 01:42:36.388387"], ["updated_at", "2022-12-11 01:42:36.388387"]]
  [1m[36mTRANSACTION (0.3ms)[0m  [1m[36mcommit transaction[0m
  [1m[36mTRANSACTION (0.0ms)[0m  [1m[36mbegin transaction[0m
  [1m[36mBlog Create (0.1ms)[0m  [1m[32mINSERT INTO "blogs" ("title", "body", "created_at", "updated_at") VALUES (?, ?, ?, ?)[0m  [["title", "second seed blog"], ["body", "the body of the second seed blog"], ["created_at", "2022-12-11 01:42:36.390454"], ["updated_at", "2022-12-11 01:42:36.390454"]]
  [1m[36mTRANSACTION (0.2ms)[0m  [1m[36mcommit transaction[0m
Started GET "/blogs" for ::1 at 2022-12-11 01:42:41 +0000
Processing by BlogsController#index as HTML
  Rendering layout layouts/application.html.erb
  Rendering blogs/index.html.erb within layouts/application
  [1m[36mBlog Load (0.2ms)[0m  [1m[34mSELECT "blogs".* FROM "blogs"[0m
  ↳ app/views/blogs/index.html.erb:6
  Rendered blogs/_blog.html.erb (Duration: 0.1ms | Allocations: 20)
  Rendered blogs/_blog.html.erb (Duration: 0.1ms | Allocations: 18)
  Rendered blogs/_blog.html.erb (Duration: 0.0ms | Allocations: 19)
  Rendered blogs/_blog.html.erb (Duration: 0.0ms | Allocations: 19)
  Rendered blogs/_blog.html.erb (Duration: 0.0ms | Allocations: 19)
  Rendered blogs/index.html.erb within layouts/application (Duration: 3.3ms | Allocations: 1458)
  Rendered layout layouts/application.html.erb (Duration: 7.7ms | Allocations: 3640)
Completed 200 OK in 10ms (Views: 8.1ms | ActiveRecord: 0.2ms | Allocations: 3908)


Started GET "/blogs" for ::1 at 2022-12-11 01:47:28 +0000
Processing by BlogsController#index as HTML
  Rendering layout layouts/application.html.erb
  Rendering blogs/index.html.erb within layouts/application
  [1m[36mBlog Load (0.2ms)[0m  [1m[34mSELECT "blogs".* FROM "blogs"[0m
  ↳ app/views/blogs/index.html.erb:6
  Rendered blogs/_blog.html.erb (Duration: 0.6ms | Allocations: 163)
  Rendered blogs/_blog.html.erb (Duration: 0.0ms | Allocations: 18)
  Rendered blogs/_blog.html.erb (Duration: 0.0ms | Allocations: 19)
  Rendered blogs/_blog.html.erb (Duration: 0.0ms | Allocations: 19)
  Rendered blogs/_blog.html.erb (Duration: 0.0ms | Allocations: 19)
  Rendered blogs/index.html.erb within layouts/application (Duration: 4.7ms | Allocations: 2141)
  Rendered layout layouts/application.html.erb (Duration: 16.6ms | Allocations: 4712)
Completed 200 OK in 21ms (Views: 18.3ms | ActiveRecord: 0.2ms | Allocations: 5544)


Started GET "/blogs" for ::1 at 2022-12-11 01:47:30 +0000
Processing by BlogsController#index as HTML
  Rendering layout layouts/application.html.erb
  Rendering blogs/index.html.erb within layouts/application
  [1m[36mBlog Load (0.2ms)[0m  [1m[34mSELECT "blogs".* FROM "blogs"[0m
  ↳ app/views/blogs/index.html.erb:6
  Rendered blogs/_blog.html.erb (Duration: 0.1ms | Allocations: 20)
  Rendered blogs/_blog.html.erb (Duration: 0.1ms | Allocations: 18)
  Rendered blogs/_blog.html.erb (Duration: 0.1ms | Allocations: 19)
  Rendered blogs/_blog.html.erb (Duration: 0.0ms | Allocations: 19)
  Rendered blogs/_blog.html.erb (Duration: 0.0ms | Allocations: 19)
  Rendered blogs/index.html.erb within layouts/application (Duration: 3.4ms | Allocations: 1455)
  Rendered layout layouts/application.html.erb (Duration: 6.1ms | Allocations: 3637)
Completed 200 OK in 8ms (Views: 6.5ms | ActiveRecord: 0.2ms | Allocations: 3928)


Started GET "/blogs" for ::1 at 2022-12-11 02:05:22 +0000
Processing by BlogsController#index as HTML
  Rendering layout layouts/application.html.erb
  Rendering blogs/index.html.erb within layouts/application
  [1m[36mBlog Load (1.0ms)[0m  [1m[34mSELECT "blogs".* FROM "blogs"[0m
  ↳ app/views/blogs/index.html.erb:6
  Rendered blogs/_blog.html.erb (Duration: 0.1ms | Allocations: 20)
  Rendered blogs/_blog.html.erb (Duration: 0.0ms | Allocations: 18)
  Rendered blogs/_blog.html.erb (Duration: 0.0ms | Allocations: 19)
  Rendered blogs/_blog.html.erb (Duration: 0.0ms | Allocations: 19)
  Rendered blogs/_blog.html.erb (Duration: 0.0ms | Allocations: 19)
  Rendered blogs/index.html.erb within layouts/application (Duration: 6.5ms | Allocations: 1635)
  Rendered layout layouts/application.html.erb (Duration: 10.8ms | Allocations: 3817)
Completed 200 OK in 13ms (Views: 11.6ms | ActiveRecord: 1.4ms | Allocations: 4083)


Started GET "/blogs" for ::1 at 2022-12-11 02:05:23 +0000
Processing by BlogsController#index as HTML
  Rendering layout layouts/application.html.erb
  Rendering blogs/index.html.erb within layouts/application
  [1m[36mBlog Load (0.2ms)[0m  [1m[34mSELECT "blogs".* FROM "blogs"[0m
  ↳ app/views/blogs/index.html.erb:6
  Rendered blogs/_blog.html.erb (Duration: 0.1ms | Allocations: 20)
  Rendered blogs/_blog.html.erb (Duration: 0.0ms | Allocations: 18)
  Rendered blogs/_blog.html.erb (Duration: 0.0ms | Allocations: 19)
  Rendered blogs/_blog.html.erb (Duration: 0.0ms | Allocations: 19)
  Rendered blogs/_blog.html.erb (Duration: 0.0ms | Allocations: 19)
  Rendered blogs/index.html.erb within layouts/application (Duration: 4.0ms | Allocations: 1470)
  Rendered layout layouts/application.html.erb (Duration: 7.7ms | Allocations: 3652)
Completed 200 OK in 9ms (Views: 8.0ms | ActiveRecord: 0.2ms | Allocations: 3921)


Started GET "/blogs" for ::1 at 2022-12-11 02:05:44 +0000
Processing by BlogsController#index as HTML
  Rendering layout layouts/application.html.erb
  Rendering blogs/index.html.erb within layouts/application
  [1m[36mBlog Load (0.1ms)[0m  [1m[34mSELECT "blogs".* FROM "blogs"[0m
  ↳ app/views/blogs/index.html.erb:6
  Rendered blogs/_blog.html.erb (Duration: 0.4ms | Allocations: 163)
  Rendered blogs/_blog.html.erb (Duration: 0.0ms | Allocations: 18)
  Rendered blogs/_blog.html.erb (Duration: 0.0ms | Allocations: 19)
  Rendered blogs/_blog.html.erb (Duration: 0.0ms | Allocations: 19)
  Rendered blogs/_blog.html.erb (Duration: 0.0ms | Allocations: 19)
  Rendered blogs/index.html.erb within layouts/application (Duration: 3.7ms | Allocations: 2131)
  Rendered layout layouts/application.html.erb (Duration: 6.2ms | Allocations: 4690)
Completed 200 OK in 10ms (Views: 8.7ms | ActiveRecord: 0.1ms | Allocations: 5511)


Started GET "/blogs" for ::1 at 2022-12-11 02:07:39 +0000
Processing by BlogsController#index as HTML
  Rendering layout layouts/application.html.erb
  Rendering blogs/index.html.erb within layouts/application
  [1m[36mBlog Load (0.1ms)[0m  [1m[34mSELECT "blogs".* FROM "blogs"[0m
  ↳ app/views/blogs/index.html.erb:6
  Rendered blogs/_blog.html.erb (Duration: 0.4ms | Allocations: 185)
  Rendered blogs/_blog.html.erb (Duration: 0.0ms | Allocations: 18)
  Rendered blogs/_blog.html.erb (Duration: 0.0ms | Allocations: 19)
  Rendered blogs/_blog.html.erb (Duration: 0.0ms | Allocations: 19)
  Rendered blogs/_blog.html.erb (Duration: 0.0ms | Allocations: 19)
  Rendered blogs/index.html.erb within layouts/application (Duration: 2.4ms | Allocations: 2144)
  Rendered layout layouts/application.html.erb (Duration: 7.0ms | Allocations: 4701)
Completed 200 OK in 9ms (Views: 7.9ms | ActiveRecord: 0.1ms | Allocations: 5545)


Started GET "/..." for ::1 at 2022-12-11 02:07:39 +0000
  
ActionController::RoutingError (No route matches [GET] "/..."):
  
Started GET "/blogs" for ::1 at 2022-12-11 02:08:05 +0000
Processing by BlogsController#index as HTML
  Rendering layout layouts/application.html.erb
  Rendering blogs/index.html.erb within layouts/application
  [1m[36mBlog Load (0.2ms)[0m  [1m[34mSELECT "blogs".* FROM "blogs"[0m
  ↳ app/views/blogs/index.html.erb:6
  Rendered blogs/_blog.html.erb (Duration: 0.5ms | Allocations: 200)
  Rendered blogs/_blog.html.erb (Duration: 0.0ms | Allocations: 19)
  Rendered blogs/_blog.html.erb (Duration: 0.0ms | Allocations: 20)
  Rendered blogs/_blog.html.erb (Duration: 0.3ms | Allocations: 20)
  Rendered blogs/_blog.html.erb (Duration: 0.0ms | Allocations: 20)
  Rendered blogs/index.html.erb within layouts/application (Duration: 5.0ms | Allocations: 2160)
  Rendered layout layouts/application.html.erb (Duration: 11.5ms | Allocations: 4730)
Completed 200 OK in 16ms (Views: 13.8ms | ActiveRecord: 0.2ms | Allocations: 5568)


Started GET "/..." for ::1 at 2022-12-11 02:08:05 +0000
  
ActionController::RoutingError (No route matches [GET] "/..."):
  
Started GET "/blogs" for ::1 at 2022-12-11 02:57:41 +0000
Processing by BlogsController#index as HTML
  Rendering layout layouts/application.html.erb
  Rendering blogs/index.html.erb within layouts/application
  [1m[36mBlog Load (1.0ms)[0m  [1m[34mSELECT "blogs".* FROM "blogs"[0m
  ↳ app/views/blogs/index.html.erb:6
  Rendered blogs/_blog.html.erb (Duration: 0.3ms | Allocations: 210)
  Rendered blogs/_blog.html.erb (Duration: 0.0ms | Allocations: 20)
  Rendered blogs/_blog.html.erb (Duration: 0.0ms | Allocations: 21)
  Rendered blogs/_blog.html.erb (Duration: 0.0ms | Allocations: 21)
  Rendered blogs/_blog.html.erb (Duration: 0.0ms | Allocations: 21)
  Rendered blogs/index.html.erb within layouts/application (Duration: 7.2ms | Allocations: 2366)
  Rendered layout layouts/application.html.erb (Duration: 12.1ms | Allocations: 4936)
Completed 200 OK in 15ms (Views: 13.9ms | ActiveRecord: 1.3ms | Allocations: 5770)


Started GET "/blogs" for ::1 at 2022-12-11 03:31:54 +0000
Processing by BlogsController#index as HTML
  Rendering layout layouts/application.html.erb
  Rendering blogs/index.html.erb within layouts/application
  [1m[36mBlog Load (1.0ms)[0m  [1m[34mSELECT "blogs".* FROM "blogs"[0m
  ↳ app/views/blogs/index.html.erb:6
  Rendered blogs/_blog.html.erb (Duration: 0.5ms | Allocations: 284)
  Rendered blogs/_blog.html.erb (Duration: 0.0ms | Allocations: 56)
  Rendered blogs/_blog.html.erb (Duration: 0.0ms | Allocations: 57)
  Rendered blogs/_blog.html.erb (Duration: 0.0ms | Allocations: 57)
  Rendered blogs/_blog.html.erb (Duration: 0.0ms | Allocations: 57)
  Rendered blogs/index.html.erb within layouts/application (Duration: 6.0ms | Allocations: 2524)
  Rendered layout layouts/application.html.erb (Duration: 12.5ms | Allocations: 5081)
Completed 200 OK in 16ms (Views: 14.1ms | ActiveRecord: 1.2ms | Allocations: 5921)


Started GET "/blogs" for ::1 at 2022-12-11 03:32:46 +0000
Processing by BlogsController#index as HTML
  Rendering layout layouts/application.html.erb
  Rendering blogs/index.html.erb within layouts/application
  [1m[36mBlog Load (0.1ms)[0m  [1m[34mSELECT "blogs".* FROM "blogs"[0m
  ↳ app/views/blogs/index.html.erb:6
  Rendered blogs/_blog.html.erb (Duration: 1.3ms | Allocations: 413)
  Rendered blogs/_blog.html.erb (Duration: 0.1ms | Allocations: 117)
  Rendered blogs/_blog.html.erb (Duration: 0.1ms | Allocations: 118)
  Rendered blogs/_blog.html.erb (Duration: 0.1ms | Allocations: 118)
  Rendered blogs/_blog.html.erb (Duration: 0.1ms | Allocations: 118)
  Rendered blogs/index.html.erb within layouts/application (Duration: 4.1ms | Allocations: 2713)
  Rendered layout layouts/application.html.erb (Duration: 7.0ms | Allocations: 5270)
Completed 200 OK in 12ms (Views: 9.2ms | ActiveRecord: 0.1ms | Allocations: 6115)


Started GET "/blogs" for ::1 at 2022-12-11 03:33:13 +0000
Processing by BlogsController#index as HTML
  Rendering layout layouts/application.html.erb
  Rendering blogs/index.html.erb within layouts/application
  [1m[36mBlog Load (0.2ms)[0m  [1m[34mSELECT "blogs".* FROM "blogs"[0m
  ↳ app/views/blogs/index.html.erb:6
  Rendered blogs/_blog.html.erb (Duration: 1.2ms | Allocations: 451)
  Rendered blogs/_blog.html.erb (Duration: 0.9ms | Allocations: 178)
  Rendered blogs/_blog.html.erb (Duration: 0.2ms | Allocations: 179)
  Rendered blogs/_blog.html.erb (Duration: 0.2ms | Allocations: 179)
  Rendered blogs/_blog.html.erb (Duration: 0.3ms | Allocations: 179)
  Rendered blogs/index.html.erb within layouts/application (Duration: 7.2ms | Allocations: 2992)
  Rendered layout layouts/application.html.erb (Duration: 10.1ms | Allocations: 5549)
Completed 200 OK in 15ms (Views: 13.0ms | ActiveRecord: 0.2ms | Allocations: 6393)


Started GET "/blogs" for ::1 at 2022-12-11 03:33:29 +0000
Processing by BlogsController#index as HTML
  Rendering layout layouts/application.html.erb
  Rendering blogs/index.html.erb within layouts/application
  [1m[36mBlog Load (0.1ms)[0m  [1m[34mSELECT "blogs".* FROM "blogs"[0m
  ↳ app/views/blogs/index.html.erb:6
  Rendered blogs/_blog.html.erb (Duration: 11.4ms | Allocations: 5012)
  Rendered blogs/index.html.erb within layouts/application (Duration: 13.5ms | Allocations: 6354)
  Rendered layout layouts/application.html.erb (Duration: 13.7ms | Allocations: 6439)
Completed 500 Internal Server Error in 17ms (ActiveRecord: 0.1ms | Allocations: 7270)


  
ActionView::Template::Error (undefined method `edit_blogs_path' for #<ActionView::Base:0x00000000014348>

    '.freeze;@output_buffer.append=( link_to "Edit", edit_blogs_path(blog), class: "btn btn-warning" );@output_buffer.safe_append='
                                                     ^^^^^^^^^^^^^^^
Did you mean?  edit_blog_path):
     9:   <div class="card-body">
    10:     <%= link_to "All Blogs", blogs_path, class: "btn btn-primary" %>
    11:     <%= link_to "View", blogs_path(blog), class: "btn btn-primary" %>
    12:     <%= link_to "Edit", edit_blogs_path(blog), class: "btn btn-warning" %>
    13:   </div>
    14: </div>
  
app/views/blogs/_blog.html.erb:12
app/views/blogs/index.html.erb:7
app/views/blogs/index.html.erb:6
Started GET "/blogs" for ::1 at 2022-12-11 03:33:55 +0000
Processing by BlogsController#index as HTML
  Rendering layout layouts/application.html.erb
  Rendering blogs/index.html.erb within layouts/application
  [1m[36mBlog Load (0.2ms)[0m  [1m[34mSELECT "blogs".* FROM "blogs"[0m
  ↳ app/views/blogs/index.html.erb:6
  Rendered blogs/_blog.html.erb (Duration: 0.6ms | Allocations: 408)
  Rendered blogs/_blog.html.erb (Duration: 0.1ms | Allocations: 138)
  Rendered blogs/_blog.html.erb (Duration: 0.1ms | Allocations: 139)
  Rendered blogs/_blog.html.erb (Duration: 0.1ms | Allocations: 139)
  Rendered blogs/_blog.html.erb (Duration: 0.1ms | Allocations: 139)
  Rendered blogs/index.html.erb within layouts/application (Duration: 4.5ms | Allocations: 2787)
  Rendered layout layouts/application.html.erb (Duration: 8.9ms | Allocations: 5357)
Completed 200 OK in 13ms (Views: 11.0ms | ActiveRecord: 0.2ms | Allocations: 6195)


Started GET "/blogs/1/edit" for ::1 at 2022-12-11 03:33:56 +0000
Processing by BlogsController#edit as HTML
  Parameters: {"id"=>"1"}
  [1m[36mBlog Load (0.1ms)[0m  [1m[34mSELECT "blogs".* FROM "blogs" WHERE "blogs"."id" = ? LIMIT ?[0m  [["id", 1], ["LIMIT", 1]]
  ↳ app/controllers/blogs_controller.rb:63:in `set_blog'
  Rendering layout layouts/application.html.erb
  Rendering blogs/edit.html.erb within layouts/application
  Rendered blogs/_form.html.erb (Duration: 19.0ms | Allocations: 8338)
  Rendered blogs/edit.html.erb within layouts/application (Duration: 19.7ms | Allocations: 8683)
  Rendered layout layouts/application.html.erb (Duration: 24.0ms | Allocations: 10973)
Completed 200 OK in 25ms (Views: 24.2ms | ActiveRecord: 0.1ms | Allocations: 11859)


Started GET "/blogs" for ::1 at 2022-12-11 03:35:55 +0000
Processing by BlogsController#index as HTML
  Rendering layout layouts/application.html.erb
  Rendering blogs/index.html.erb within layouts/application
  [1m[36mBlog Load (0.1ms)[0m  [1m[34mSELECT "blogs".* FROM "blogs"[0m
  ↳ app/views/blogs/index.html.erb:6
  Rendered blogs/_blog.html.erb (Duration: 9.6ms | Allocations: 5270)
  Rendered blogs/index.html.erb within layouts/application (Duration: 11.0ms | Allocations: 6606)
  Rendered layout layouts/application.html.erb (Duration: 11.0ms | Allocations: 6691)
Completed 500 Internal Server Error in 13ms (ActiveRecord: 0.1ms | Allocations: 7533)


  
ActionView::Template::Error (undefined local variable or method `destroy_blog_path' for #<ActionView::Base:0x00000000014848>

    '.freeze;@output_buffer.append=( button_to "Destroy", destroy_blog_path, blog, method: :delete, class: "btn btn-danger" );@output_buffer.safe_append='
                                                          ^^^^^^^^^^^^^^^^^):
    10:     <%= link_to "All Blogs", blogs_path, class: "btn btn-primary" %>
    11:     <%= link_to "View", blog_path(blog), class: "btn btn-primary" %>
    12:     <%= link_to "Edit", edit_blog_path(blog), class: "btn btn-warning" %>
    13:     <%= button_to "Destroy", destroy_blog_path, blog, method: :delete, class: "btn btn-danger" %>
    14:   </div>
    15: </div>
  
app/views/blogs/_blog.html.erb:13
app/views/blogs/index.html.erb:7
app/views/blogs/index.html.erb:6
Started GET "/blogs" for ::1 at 2022-12-11 03:36:19 +0000
Processing by BlogsController#index as HTML
  Rendering layout layouts/application.html.erb
  Rendering blogs/index.html.erb within layouts/application
  [1m[36mBlog Load (0.1ms)[0m  [1m[34mSELECT "blogs".* FROM "blogs"[0m
  ↳ app/views/blogs/index.html.erb:6
  Rendered blogs/_blog.html.erb (Duration: 0.6ms | Allocations: 702)
  Rendered blogs/_blog.html.erb (Duration: 0.2ms | Allocations: 371)
  Rendered blogs/_blog.html.erb (Duration: 0.2ms | Allocations: 372)
  Rendered blogs/_blog.html.erb (Duration: 0.3ms | Allocations: 372)
  Rendered blogs/_blog.html.erb (Duration: 0.2ms | Allocations: 372)
  Rendered blogs/index.html.erb within layouts/application (Duration: 3.9ms | Allocations: 3997)
  Rendered layout layouts/application.html.erb (Duration: 8.9ms | Allocations: 6552)
Completed 200 OK in 11ms (Views: 10.0ms | ActiveRecord: 0.1ms | Allocations: 7390)


Started GET "/blogs" for ::1 at 2022-12-11 03:37:51 +0000
Processing by BlogsController#index as HTML
  Rendering layout layouts/application.html.erb
  Rendering blogs/index.html.erb within layouts/application
  [1m[36mBlog Load (0.1ms)[0m  [1m[34mSELECT "blogs".* FROM "blogs"[0m
  ↳ app/views/blogs/index.html.erb:6
  Rendered blogs/_blog.html.erb (Duration: 1.0ms | Allocations: 702)
  Rendered blogs/_blog.html.erb (Duration: 0.2ms | Allocations: 371)
  Rendered blogs/_blog.html.erb (Duration: 0.2ms | Allocations: 372)
  Rendered blogs/_blog.html.erb (Duration: 0.2ms | Allocations: 372)
  Rendered blogs/_blog.html.erb (Duration: 0.4ms | Allocations: 372)
  Rendered blogs/index.html.erb within layouts/application (Duration: 3.8ms | Allocations: 4003)
  Rendered layout layouts/application.html.erb (Duration: 8.2ms | Allocations: 6545)
Completed 200 OK in 12ms (Views: 9.7ms | ActiveRecord: 0.1ms | Allocations: 7389)


Started DELETE "/blogs/3" for ::1 at 2022-12-11 03:37:54 +0000
Processing by BlogsController#destroy as TURBO_STREAM
  Parameters: {"authenticity_token"=>"[FILTERED]", "id"=>"3"}
  [1m[36mBlog Load (0.1ms)[0m  [1m[34mSELECT "blogs".* FROM "blogs" WHERE "blogs"."id" = ? LIMIT ?[0m  [["id", 3], ["LIMIT", 1]]
  ↳ app/controllers/blogs_controller.rb:63:in `set_blog'
  [1m[36mTRANSACTION (0.1ms)[0m  [1m[36mbegin transaction[0m
  ↳ app/controllers/blogs_controller.rb:52:in `destroy'
  [1m[36mBlog Destroy (0.4ms)[0m  [1m[31mDELETE FROM "blogs" WHERE "blogs"."id" = ?[0m  [["id", 3]]
  ↳ app/controllers/blogs_controller.rb:52:in `destroy'
  [1m[36mTRANSACTION (1.7ms)[0m  [1m[36mcommit transaction[0m
  ↳ app/controllers/blogs_controller.rb:52:in `destroy'
Redirected to http://localhost:3000/blogs
Completed 302 Found in 7ms (ActiveRecord: 2.2ms | Allocations: 2981)


Started GET "/blogs" for ::1 at 2022-12-11 03:37:54 +0000
Processing by BlogsController#index as TURBO_STREAM
  Rendering layout layouts/application.html.erb
  Rendering blogs/index.html.erb within layouts/application
  [1m[36mBlog Load (0.1ms)[0m  [1m[34mSELECT "blogs".* FROM "blogs"[0m
  ↳ app/views/blogs/index.html.erb:6
  Rendered blogs/_blog.html.erb (Duration: 0.4ms | Allocations: 426)
  Rendered blogs/_blog.html.erb (Duration: 0.2ms | Allocations: 371)
  Rendered blogs/_blog.html.erb (Duration: 0.2ms | Allocations: 372)
  Rendered blogs/_blog.html.erb (Duration: 0.2ms | Allocations: 372)
  Rendered blogs/index.html.erb within layouts/application (Duration: 3.0ms | Allocations: 2868)
  Rendered layout layouts/application.html.erb (Duration: 5.1ms | Allocations: 5149)
Completed 200 OK in 6ms (Views: 5.3ms | ActiveRecord: 0.1ms | Allocations: 5507)


Started GET "/blogs" for ::1 at 2022-12-11 03:38:29 +0000
Processing by BlogsController#index as HTML
  Rendering layout layouts/application.html.erb
  Rendering blogs/index.html.erb within layouts/application
  [1m[36mBlog Load (0.1ms)[0m  [1m[34mSELECT "blogs".* FROM "blogs"[0m
  ↳ app/views/blogs/index.html.erb:6
  Rendered blogs/_blog.html.erb (Duration: 0.5ms | Allocations: 707)
  Rendered blogs/_blog.html.erb (Duration: 0.2ms | Allocations: 371)
  Rendered blogs/_blog.html.erb (Duration: 0.2ms | Allocations: 372)
  Rendered blogs/_blog.html.erb (Duration: 0.7ms | Allocations: 372)
  Rendered blogs/index.html.erb within layouts/application (Duration: 3.7ms | Allocations: 3531)
  Rendered layout layouts/application.html.erb (Duration: 8.3ms | Allocations: 6073)
Completed 200 OK in 10ms (Views: 9.1ms | ActiveRecord: 0.1ms | Allocations: 6915)


Started GET "/blogs" for ::1 at 2022-12-11 03:38:48 +0000
Processing by BlogsController#index as HTML
  Rendering layout layouts/application.html.erb
  Rendering blogs/index.html.erb within layouts/application
  [1m[36mBlog Load (0.1ms)[0m  [1m[34mSELECT "blogs".* FROM "blogs"[0m
  ↳ app/views/blogs/index.html.erb:6
  Rendered blogs/_blog.html.erb (Duration: 0.6ms | Allocations: 705)
  Rendered blogs/_blog.html.erb (Duration: 0.2ms | Allocations: 371)
  Rendered blogs/_blog.html.erb (Duration: 0.2ms | Allocations: 372)
  Rendered blogs/_blog.html.erb (Duration: 0.4ms | Allocations: 372)
  Rendered blogs/index.html.erb within layouts/application (Duration: 3.7ms | Allocations: 3520)
  Rendered layout layouts/application.html.erb (Duration: 6.9ms | Allocations: 6062)
Completed 200 OK in 10ms (Views: 8.8ms | ActiveRecord: 0.1ms | Allocations: 6906)


Started GET "/blogs" for ::1 at 2022-12-11 03:39:16 +0000
Processing by BlogsController#index as HTML
  Rendering layout layouts/application.html.erb
  Rendering blogs/index.html.erb within layouts/application
  [1m[36mBlog Load (0.2ms)[0m  [1m[34mSELECT "blogs".* FROM "blogs"[0m
  ↳ app/views/blogs/index.html.erb:6
  Rendered blogs/_blog.html.erb (Duration: 1.7ms | Allocations: 708)
  Rendered blogs/_blog.html.erb (Duration: 0.2ms | Allocations: 371)
  Rendered blogs/_blog.html.erb (Duration: 0.2ms | Allocations: 372)
  Rendered blogs/_blog.html.erb (Duration: 0.2ms | Allocations: 372)
  Rendered blogs/index.html.erb within layouts/application (Duration: 7.1ms | Allocations: 3514)
  Rendered layout layouts/application.html.erb (Duration: 13.5ms | Allocations: 6066)
Completed 200 OK in 17ms (Views: 15.1ms | ActiveRecord: 0.2ms | Allocations: 6911)


Started GET "/blogs" for ::1 at 2022-12-11 03:40:25 +0000
Processing by BlogsController#index as HTML
  Rendering layout layouts/application.html.erb
  Rendering blogs/index.html.erb within layouts/application
  [1m[36mBlog Load (0.1ms)[0m  [1m[34mSELECT "blogs".* FROM "blogs"[0m
  ↳ app/views/blogs/index.html.erb:6
  Rendered blogs/_blog.html.erb (Duration: 0.8ms | Allocations: 705)
  Rendered blogs/_blog.html.erb (Duration: 0.1ms | Allocations: 371)
  Rendered blogs/_blog.html.erb (Duration: 0.1ms | Allocations: 372)
  Rendered blogs/_blog.html.erb (Duration: 0.1ms | Allocations: 372)
  Rendered blogs/index.html.erb within layouts/application (Duration: 3.0ms | Allocations: 3532)
  Rendered layout layouts/application.html.erb (Duration: 7.8ms | Allocations: 6077)
Completed 200 OK in 11ms (Views: 9.5ms | ActiveRecord: 0.1ms | Allocations: 6921)


Started GET "/blogs" for ::1 at 2022-12-11 03:40:47 +0000
Processing by BlogsController#index as HTML
  Rendering layout layouts/application.html.erb
  Rendering blogs/index.html.erb within layouts/application
  [1m[36mBlog Load (0.1ms)[0m  [1m[34mSELECT "blogs".* FROM "blogs"[0m
  ↳ app/views/blogs/index.html.erb:6
  Rendered blogs/_blog.html.erb (Duration: 0.6ms | Allocations: 704)
  Rendered blogs/_blog.html.erb (Duration: 0.2ms | Allocations: 371)
  Rendered blogs/_blog.html.erb (Duration: 0.2ms | Allocations: 372)
  Rendered blogs/_blog.html.erb (Duration: 0.3ms | Allocations: 372)
  Rendered blogs/index.html.erb within layouts/application (Duration: 3.5ms | Allocations: 3538)
  Rendered layout layouts/application.html.erb (Duration: 5.8ms | Allocations: 6080)
Completed 200 OK in 9ms (Views: 7.1ms | ActiveRecord: 0.1ms | Allocations: 6924)


Started GET "/blogs" for ::1 at 2022-12-11 03:41:05 +0000
Processing by BlogsController#index as HTML
  Rendering layout layouts/application.html.erb
  Rendering blogs/index.html.erb within layouts/application
  [1m[36mBlog Load (0.2ms)[0m  [1m[34mSELECT "blogs".* FROM "blogs"[0m
  ↳ app/views/blogs/index.html.erb:6
  Rendered blogs/_blog.html.erb (Duration: 0.9ms | Allocations: 421)
  Rendered blogs/_blog.html.erb (Duration: 0.1ms | Allocations: 138)
  Rendered blogs/_blog.html.erb (Duration: 0.1ms | Allocations: 139)
  Rendered blogs/_blog.html.erb (Duration: 0.1ms | Allocations: 139)
  Rendered blogs/index.html.erb within layouts/application (Duration: 5.3ms | Allocations: 2556)
  Rendered layout layouts/application.html.erb (Duration: 7.7ms | Allocations: 5113)
Completed 200 OK in 11ms (Views: 9.7ms | ActiveRecord: 0.2ms | Allocations: 5958)


Started GET "/blogs" for ::1 at 2022-12-11 03:42:09 +0000
Processing by BlogsController#index as HTML
  Rendering layout layouts/application.html.erb
  Rendering blogs/index.html.erb within layouts/application
  [1m[36mBlog Load (0.1ms)[0m  [1m[34mSELECT "blogs".* FROM "blogs"[0m
  ↳ app/views/blogs/index.html.erb:6
  Rendered blogs/_blog.html.erb (Duration: 0.4ms | Allocations: 423)
  Rendered blogs/_blog.html.erb (Duration: 0.1ms | Allocations: 138)
  Rendered blogs/_blog.html.erb (Duration: 0.1ms | Allocations: 139)
  Rendered blogs/_blog.html.erb (Duration: 0.1ms | Allocations: 139)
  Rendered blogs/index.html.erb within layouts/application (Duration: 2.5ms | Allocations: 2561)
  Rendered layout layouts/application.html.erb (Duration: 6.7ms | Allocations: 5131)
Completed 200 OK in 10ms (Views: 8.4ms | ActiveRecord: 0.1ms | Allocations: 5975)


Started GET "/blogs" for ::1 at 2022-12-11 03:42:24 +0000
Processing by BlogsController#index as HTML
  Rendering layout layouts/application.html.erb
  Rendering blogs/index.html.erb within layouts/application
  [1m[36mBlog Load (0.2ms)[0m  [1m[34mSELECT "blogs".* FROM "blogs"[0m
  ↳ app/views/blogs/index.html.erb:6
  Rendered blogs/_blog.html.erb (Duration: 1.1ms | Allocations: 423)
  Rendered blogs/_blog.html.erb (Duration: 0.2ms | Allocations: 138)
  Rendered blogs/_blog.html.erb (Duration: 0.2ms | Allocations: 139)
  Rendered blogs/_blog.html.erb (Duration: 0.2ms | Allocations: 139)
  Rendered blogs/index.html.erb within layouts/application (Duration: 5.2ms | Allocations: 2555)
  Rendered layout layouts/application.html.erb (Duration: 8.4ms | Allocations: 5113)
Completed 200 OK in 12ms (Views: 10.3ms | ActiveRecord: 0.2ms | Allocations: 5957)


Started GET "/blogs" for ::1 at 2022-12-11 04:08:25 +0000
Processing by BlogsController#index as HTML
  Rendering layout layouts/application.html.erb
  Rendering blogs/index.html.erb within layouts/application
  [1m[36mBlog Load (0.8ms)[0m  [1m[34mSELECT "blogs".* FROM "blogs"[0m
  ↳ app/views/blogs/index.html.erb:8
  Rendered blogs/_blog.html.erb (Duration: 0.8ms | Allocations: 367)
  Rendered blogs/_blog.html.erb (Duration: 0.1ms | Allocations: 138)
  Rendered blogs/_blog.html.erb (Duration: 0.1ms | Allocations: 139)
  Rendered blogs/_blog.html.erb (Duration: 0.1ms | Allocations: 139)
  Rendered blogs/index.html.erb within layouts/application (Duration: 6.4ms | Allocations: 2570)
  Rendered layout layouts/application.html.erb (Duration: 11.4ms | Allocations: 5127)
Completed 200 OK in 15ms (Views: 13.4ms | ActiveRecord: 1.1ms | Allocations: 5967)


Started GET "/blogs" for ::1 at 2022-12-11 04:09:28 +0000
Processing by BlogsController#index as HTML
  Rendering layout layouts/application.html.erb
  Rendering blogs/index.html.erb within layouts/application
  [1m[36mBlog Load (0.2ms)[0m  [1m[34mSELECT "blogs".* FROM "blogs"[0m
  ↳ app/views/blogs/index.html.erb:10
  Rendered blogs/_blog.html.erb (Duration: 0.7ms | Allocations: 366)
  Rendered blogs/_blog.html.erb (Duration: 0.1ms | Allocations: 138)
  Rendered blogs/_blog.html.erb (Duration: 0.1ms | Allocations: 139)
  Rendered blogs/_blog.html.erb (Duration: 0.1ms | Allocations: 139)
  Rendered blogs/index.html.erb within layouts/application (Duration: 4.4ms | Allocations: 2411)
  Rendered layout layouts/application.html.erb (Duration: 7.2ms | Allocations: 4968)
Completed 200 OK in 11ms (Views: 9.5ms | ActiveRecord: 0.2ms | Allocations: 5812)


Started GET "/blogs" for ::1 at 2022-12-11 04:10:10 +0000
Processing by BlogsController#index as HTML
  Rendering layout layouts/application.html.erb
  Rendering blogs/index.html.erb within layouts/application
  [1m[36mBlog Load (0.2ms)[0m  [1m[34mSELECT "blogs".* FROM "blogs"[0m
  ↳ app/views/blogs/index.html.erb:14
  Rendered blogs/_blog.html.erb (Duration: 1.2ms | Allocations: 366)
  Rendered blogs/_blog.html.erb (Duration: 0.1ms | Allocations: 138)
  Rendered blogs/_blog.html.erb (Duration: 0.1ms | Allocations: 139)
  Rendered blogs/_blog.html.erb (Duration: 0.1ms | Allocations: 139)
  Rendered blogs/index.html.erb within layouts/application (Duration: 4.9ms | Allocations: 2399)
  Rendered layout layouts/application.html.erb (Duration: 7.4ms | Allocations: 4956)
Completed 200 OK in 12ms (Views: 10.3ms | ActiveRecord: 0.2ms | Allocations: 5800)


Started GET "/blogs" for ::1 at 2022-12-11 04:11:52 +0000
Processing by BlogsController#index as HTML
  Rendering layout layouts/application.html.erb
  Rendering blogs/index.html.erb within layouts/application
  [1m[36mBlog Load (0.1ms)[0m  [1m[34mSELECT "blogs".* FROM "blogs"[0m
  ↳ app/views/blogs/index.html.erb:14
  Rendered blogs/_blog.html.erb (Duration: 0.4ms | Allocations: 357)
  Rendered blogs/_blog.html.erb (Duration: 0.1ms | Allocations: 117)
  Rendered blogs/_blog.html.erb (Duration: 0.1ms | Allocations: 118)
  Rendered blogs/_blog.html.erb (Duration: 0.1ms | Allocations: 118)
  Rendered blogs/index.html.erb within layouts/application (Duration: 3.4ms | Allocations: 2316)
  Rendered layout layouts/application.html.erb (Duration: 8.1ms | Allocations: 4871)
Completed 200 OK in 12ms (Views: 10.1ms | ActiveRecord: 0.1ms | Allocations: 5715)


